h:\advancedsoftwareengineeringsoft40051\visual studio 2013\projects\ap-lecture4-car\ap-lecture4-car\debug\vc120.pdb
h:\advancedsoftwareengineeringsoft40051\visual studio 2013\projects\ap-lecture4-car\ap-lecture4-car\debug\vc120.idb
h:\advancedsoftwareengineeringsoft40051\visual studio 2013\projects\ap-lecture4-car\ap-lecture4-car\debug\car.obj
h:\advancedsoftwareengineeringsoft40051\visual studio 2013\projects\ap-lecture4-car\ap-lecture4-car\debug\main.obj
d:\documents\dropbox\ntu\advancedsoftwareengineeringsoft40051\visual studio 2013\projects\ap-lecture4-car\ap-lecture4-car\debug\vc120.pdb
d:\documents\dropbox\ntu\advancedsoftwareengineeringsoft40051\visual studio 2013\projects\ap-lecture4-car\ap-lecture4-car\debug\vc120.idb
d:\documents\dropbox\ntu\advancedsoftwareengineeringsoft40051\visual studio 2013\projects\ap-lecture4-car\ap-lecture4-car\debug\car.obj
d:\documents\dropbox\ntu\advancedsoftwareengineeringsoft40051\visual studio 2013\projects\ap-lecture4-car\ap-lecture4-car\debug\main.obj
h:\advancedsoftwareengineeringsoft40051\visual studio 2013\projects\ap-lecture4-car\debug\ap-lecture4-car.ilk
h:\advancedsoftwareengineeringsoft40051\visual studio 2013\projects\ap-lecture4-car\debug\ap-lecture4-car.exe
h:\advancedsoftwareengineeringsoft40051\visual studio 2013\projects\ap-lecture4-car\debug\ap-lecture4-car.pdb
d:\documents\dropbox\ntu\advancedsoftwareengineeringsoft40051\visual studio 2013\projects\ap-lecture4-car\debug\ap-lecture4-car.ilk
d:\documents\dropbox\ntu\advancedsoftwareengineeringsoft40051\visual studio 2013\projects\ap-lecture4-car\debug\ap-lecture4-car.exe
d:\documents\dropbox\ntu\advancedsoftwareengineeringsoft40051\visual studio 2013\projects\ap-lecture4-car\debug\ap-lecture4-car.pdb
d:\documents\dropbox\ntu\advancedsoftwareengineeringsoft40051\visual studio 2013\projects\ap-lecture4-car\ap-lecture4-car\debug\ap-lecture4-car.tlog\cl.command.1.tlog
d:\documents\dropbox\ntu\advancedsoftwareengineeringsoft40051\visual studio 2013\projects\ap-lecture4-car\ap-lecture4-car\debug\ap-lecture4-car.tlog\cl.read.1.tlog
d:\documents\dropbox\ntu\advancedsoftwareengineeringsoft40051\visual studio 2013\projects\ap-lecture4-car\ap-lecture4-car\debug\ap-lecture4-car.tlog\cl.write.1.tlog
d:\documents\dropbox\ntu\advancedsoftwareengineeringsoft40051\visual studio 2013\projects\ap-lecture4-car\ap-lecture4-car\debug\ap-lecture4-car.tlog\link.command.1.tlog
d:\documents\dropbox\ntu\advancedsoftwareengineeringsoft40051\visual studio 2013\projects\ap-lecture4-car\ap-lecture4-car\debug\ap-lecture4-car.tlog\link.read.1.tlog
d:\documents\dropbox\ntu\advancedsoftwareengineeringsoft40051\visual studio 2013\projects\ap-lecture4-car\ap-lecture4-car\debug\ap-lecture4-car.tlog\link.write.1.tlog
