h:\advancedsoftwareengineeringsoft40051\visual studio 2013\projects\inheritance1\inheritance1\debug\vc120.pdb
h:\advancedsoftwareengineeringsoft40051\visual studio 2013\projects\inheritance1\inheritance1\debug\vc120.idb
h:\advancedsoftwareengineeringsoft40051\visual studio 2013\projects\inheritance1\inheritance1\debug\animal.obj
h:\advancedsoftwareengineeringsoft40051\visual studio 2013\projects\inheritance1\inheritance1\debug\cat.obj
h:\advancedsoftwareengineeringsoft40051\visual studio 2013\projects\inheritance1\inheritance1\debug\main.obj
h:\advancedsoftwareengineeringsoft40051\visual studio 2013\projects\inheritance1\inheritance1\debug\monkey.obj
e:\advancedsoftwareengineeringsoft40051\visual studio 2013\projects\inheritance1\inheritance1\debug\vc120.pdb
e:\advancedsoftwareengineeringsoft40051\visual studio 2013\projects\inheritance1\inheritance1\debug\vc120.idb
e:\advancedsoftwareengineeringsoft40051\visual studio 2013\projects\inheritance1\inheritance1\debug\animal.obj
e:\advancedsoftwareengineeringsoft40051\visual studio 2013\projects\inheritance1\inheritance1\debug\cat.obj
e:\advancedsoftwareengineeringsoft40051\visual studio 2013\projects\inheritance1\inheritance1\debug\monkey.obj
e:\advancedsoftwareengineeringsoft40051\visual studio 2013\projects\inheritance1\inheritance1\debug\main.obj
h:\advancedsoftwareengineeringsoft40051\visual studio 2013\projects\inheritance1\debug\inheritance1.ilk
h:\advancedsoftwareengineeringsoft40051\visual studio 2013\projects\inheritance1\debug\inheritance1.exe
h:\advancedsoftwareengineeringsoft40051\visual studio 2013\projects\inheritance1\debug\inheritance1.pdb
e:\advancedsoftwareengineeringsoft40051\visual studio 2013\projects\inheritance1\debug\inheritance1.ilk
e:\advancedsoftwareengineeringsoft40051\visual studio 2013\projects\inheritance1\debug\inheritance1.exe
e:\advancedsoftwareengineeringsoft40051\visual studio 2013\projects\inheritance1\debug\inheritance1.pdb
e:\advancedsoftwareengineeringsoft40051\visual studio 2013\projects\inheritance1\inheritance1\debug\inheritance1.tlog\cl.command.1.tlog
e:\advancedsoftwareengineeringsoft40051\visual studio 2013\projects\inheritance1\inheritance1\debug\inheritance1.tlog\cl.read.1.tlog
e:\advancedsoftwareengineeringsoft40051\visual studio 2013\projects\inheritance1\inheritance1\debug\inheritance1.tlog\cl.write.1.tlog
e:\advancedsoftwareengineeringsoft40051\visual studio 2013\projects\inheritance1\inheritance1\debug\inheritance1.tlog\link.command.1.tlog
e:\advancedsoftwareengineeringsoft40051\visual studio 2013\projects\inheritance1\inheritance1\debug\inheritance1.tlog\link.read.1.tlog
e:\advancedsoftwareengineeringsoft40051\visual studio 2013\projects\inheritance1\inheritance1\debug\inheritance1.tlog\link.write.1.tlog
